Watching for file changes with StatReloader
Waiting for apps ready_event.
Apps ready_event triggered. Sending autoreload_started signal.
Watching dir C:\Users\Nikhil Darji\Documents\Nikhil Darji\flogin\templates with glob **/*.
Watching dir C:\Users\Nikhil Darji\Documents\Nikhil Darji\flogin\locale with glob **/*.mo.
Watching dir C:\Users\Nikhil Darji\Documents\Nikhil Darji\flogin\accounts\locale with glob **/*.mo.
(0.016) 
            SELECT name, type FROM sqlite_master
            WHERE type in ('table', 'view') AND NOT name='sqlite_sequence'
            ORDER BY name; args=None; alias=default
(0.000) SELECT "django_migrations"."id", "django_migrations"."app", "django_migrations"."name", "django_migrations"."applied" FROM "django_migrations"; args=(); alias=default
File C:\Users\annie.conda\anaconda3\Lib\logging\handlers.py first seen with mtime 1613730521.0
File C:\Users\annie.conda\anaconda3\Lib\site-packages\django\utils\inspect.py first seen with mtime 1728794226.8305898
File C:\Users\annie.conda\anaconda3\Lib\site-packages\django\contrib\messages\storage\base.py first seen with mtime 1728794225.3251057
File C:\Users\annie.conda\anaconda3\Lib\sre_parse.py first seen with mtime 1613730521.0
File C:\Users\annie.conda\anaconda3\Lib\site-packages\django\core\mail\utils.py first seen with mtime 1728794226.4060366
File C:\Users\annie.conda\anaconda3\Lib\email\_policybase.py first seen with mtime 1613730521.0
File C:\Users\Nikhil Darji\AppData\Roaming\Python\Python38\site-packages\asgiref\__init__.py first seen with mtime 1728793751.6399126
File C:\Users\annie.conda\anaconda3\Lib\_compression.py first seen with mtime 1613730521.0
File C:\Users\Nikhil Darji\AppData\Roaming\Python\Python38\site-packages\sqlparse\formatter.py first seen with mtime 1728793750.7671754
File C:\Users\annie.conda\anaconda3\Lib\secrets.py first seen with mtime 1613730521.0
File C:\Users\annie.conda\anaconda3\Lib\site-packages\django\db\backends\base\client.py first seen with mtime 1728794226.470785
File C:\Users\annie.conda\anaconda3\Lib\site-packages\django\apps\registry.py first seen with mtime 1728794222.1495469
File C:\Users\annie.conda\anaconda3\Lib\site-packages\django\core\files\uploadedfile.py first seen with mtime 1728794226.3878603
File C:\Users\annie.conda\anaconda3\Lib\asyncio\staggered.py first seen with mtime 1613730521.0
File C:\Users\annie.conda\anaconda3\Lib\site-packages\django\db\backends\sqlite3\features.py first seen with mtime 1728794226.5241013
File C:\Users\annie.conda\anaconda3\Lib\site-packages\django\forms\formsets.py first seen with mtime 1728794226.6105182
File C:\Users\annie.conda\anaconda3\Lib\site-packages\django\urls\base.py first seen with mtime 1728794226.79062
File C:\Users\Nikhil Darji\AppData\Roaming\Python\Python38\site-packages\backports\zoneinfo\_common.py first seen with mtime 1728793751.4831088
File C:\Users\annie.conda\anaconda3\Lib\ctypes\_endian.py first seen with mtime 1613730521.0
File C:\Users\annie.conda\anaconda3\Lib\random.py first seen with mtime 1613730521.0
File C:\Users\annie.conda\anaconda3\Lib\ssl.py first seen with mtime 1613730521.0
File C:\Users\annie.conda\anaconda3\Lib\asyncio\proactor_events.py first seen with mtime 1613730521.0
File C:\Users\annie.conda\anaconda3\Lib\site-packages\django\db\__init__.py first seen with mtime 1728794226.452199
File C:\Users\Nikhil Darji\AppData\Roaming\Python\Python38\site-packages\sqlparse\__init__.py first seen with mtime 1728793750.75616
File C:\Users\annie.conda\anaconda3\Lib\uuid.py first seen with mtime 1613730521.0
File C:\Users\annie.conda\anaconda3\Lib\_bootlocale.py first seen with mtime 1613730521.0
File C:\Users\annie.conda\anaconda3\Lib\abc.py first seen with mtime 1613730521.0
File C:\Users\annie.conda\anaconda3\Lib\site-packages\django\http\__init__.py first seen with mtime 1728794226.7297063
File C:\Users\annie.conda\anaconda3\Lib\_sitebuiltins.py first seen with mtime 1613730521.0
File C:\Users\annie.conda\anaconda3\Lib\site-packages\django\core\wsgi.py first seen with mtime 1728794226.3502667
File C:\Users\annie.conda\anaconda3\Lib\asyncio\trsock.py first seen with mtime 1613730521.0
File C:\Users\annie.conda\anaconda3\Lib\site-packages\django\core\files\base.py first seen with mtime 1728794226.3743565
File C:\Users\annie.conda\anaconda3\Lib\site-packages\django\core\checks\caches.py first seen with mtime 1728794226.3647084
File C:\Users\annie.conda\anaconda3\Lib\site-packages\django\middleware\__init__.py first seen with mtime 1728794226.7297063
File C:\Users\annie.conda\anaconda3\Lib\asyncio\exceptions.py first seen with mtime 1613730521.0
File C:\Users\annie.conda\anaconda3\Lib\site-packages\django\db\models\sql\subqueries.py first seen with mtime 1728794226.603961
File C:\Users\annie.conda\anaconda3\Lib\site-packages\django\contrib\auth\tokens.py first seen with mtime 1728794223.5469418
File C:\Users\annie.conda\anaconda3\Lib\asyncio\runners.py first seen with mtime 1613730521.0
File C:\Users\annie.conda\anaconda3\Lib\site-packages\django\forms\models.py first seen with mtime 1728794226.6105182
File C:\Users\annie.conda\anaconda3\Lib\site-packages\django\core\checks\security\csrf.py first seen with mtime 1728794226.3743565
File C:\Users\annie.conda\anaconda3\Lib\site-packages\django\contrib\contenttypes\forms.py first seen with mtime 1728794223.8573916
File C:\Users\annie.conda\anaconda3\Lib\site-packages\django\utils\html.py first seen with mtime 1728794226.8240824
File C:\Users\annie.conda\anaconda3\Lib\site-packages\django\templatetags\static.py first seen with mtime 1728794226.7680185
File C:\Users\annie.conda\anaconda3\Lib\site-packages\django\core\checks\templates.py first seen with mtime 1728794226.371899
File C:\Users\Nikhil Darji\AppData\Roaming\Python\Python38\site-packages\sqlparse\engine\__init__.py first seen with mtime 1728793750.7721806
File C:\Users\annie.conda\anaconda3\Lib\site-packages\django\utils\hashable.py first seen with mtime 1728794226.8240824
File C:\Users\annie.conda\anaconda3\DLLs\_bz2.pyd first seen with mtime 1618344533.0
File C:\Users\annie.conda\anaconda3\Lib\dis.py first seen with mtime 1613730521.0
File C:\Users\annie.conda\anaconda3\Lib\site-packages\django\core\checks\registry.py first seen with mtime 1728794226.3704405
File C:\Users\annie.conda\anaconda3\Lib\site-packages\django\contrib\messages\apps.py first seen with mtime 1728794225.309028
File C:\Users\annie.conda\anaconda3\Lib\site-packages\django\apps\__init__.py first seen with mtime 1728794222.1495469
File C:\Users\annie.conda\anaconda3\Lib\site-packages\django\utils\deprecation.py first seen with mtime 1728794226.8145766
File C:\Users\Nikhil Darji\AppData\Roaming\Python\Python38\site-packages\mpl_toolkits\__init__.py first seen with mtime 1729747790.412444
File C:\Users\annie.conda\anaconda3\Lib\site-packages\django\contrib\auth\password_validation.py first seen with mtime 1728794223.5469418
File C:\Users\annie.conda\anaconda3\Lib\site-packages\django\contrib\admin\widgets.py first seen with mtime 1728794222.5275557
File C:\Users\annie.conda\anaconda3\Lib\email\mime\message.py first seen with mtime 1613730521.0
File C:\Users\annie.conda\anaconda3\Lib\site-packages\django\contrib\admin\templatetags\__init__.py first seen with mtime 1728794223.1978467
File C:\Users\annie.conda\anaconda3\Lib\site-packages\django\contrib\auth\forms.py first seen with mtime 1728794223.5381274
File C:\Users\Nikhil Darji\AppData\Roaming\Python\Python38\site-packages\sqlparse\tokens.py first seen with mtime 1728793750.7721806
File C:\Users\annie.conda\anaconda3\Lib\site-packages\django\db\models\aggregates.py first seen with mtime 1728794226.5582368
File C:\Users\annie.conda\anaconda3\Lib\site-packages\django\utils\numberformat.py first seen with mtime 1728794226.8328457
File C:\Users\annie.conda\anaconda3\Lib\site-packages\colorama\initialise.py first seen with mtime 1607707146.0
File C:\Users\Nikhil Darji\AppData\Roaming\Python\Python38\site-packages\sqlparse\filters\others.py first seen with mtime 1728793750.7721806
File C:\Users\annie.conda\anaconda3\Lib\site-packages\django\db\models\deletion.py first seen with mtime 1728794226.563241
File C:\Users\annie.conda\anaconda3\Lib\urllib\error.py first seen with mtime 1613730521.0
File C:\Users\annie.conda\anaconda3\Lib\site-packages\django\template\engine.py first seen with mtime 1728794226.7523377
File C:\Users\annie.conda\anaconda3\DLLs\_decimal.pyd first seen with mtime 1618344527.0
File C:\Users\annie.conda\anaconda3\Lib\site-packages\django\contrib\auth\base_user.py first seen with mtime 1728794223.528278
File C:\Users\annie.conda\anaconda3\Lib\string.py first seen with mtime 1613730521.0
File C:\Users\annie.conda\anaconda3\Lib\token.py first seen with mtime 1613730521.0
File C:\Users\annie.conda\anaconda3\Lib\site-packages\django\core\checks\files.py first seen with mtime 1728794226.3669462
File C:\Users\annie.conda\anaconda3\Lib\site-packages\django\forms\boundfield.py first seen with mtime 1728794226.6105182
File C:\Users\annie.conda\anaconda3\Lib\site-packages\django\template\__init__.py first seen with mtime 1728794226.7367096
File C:\Users\annie.conda\anaconda3\Lib\site-packages\django\utils\functional.py first seen with mtime 1728794226.8240824
File C:\Users\annie.conda\anaconda3\Lib\encodings\aliases.py first seen with mtime 1613730521.0
File C:\Users\annie.conda\anaconda3\Lib\http\__init__.py first seen with mtime 1613730521.0
File C:\Users\annie.conda\anaconda3\Lib\site-packages\django\core\mail\message.py first seen with mtime 1728794226.403836
File C:\Users\annie.conda\anaconda3\Lib\sre_compile.py first seen with mtime 1613730521.0
File C:\Users\annie.conda\anaconda3\Lib\site-packages\django\contrib\sites\__init__.py first seen with mtime 1728794226.0399945
File C:\Users\Nikhil Darji\AppData\Roaming\Python\Python38\site-packages\asgiref\local.py first seen with mtime 1728793751.6399126
File C:\Users\annie.conda\anaconda3\DLLs\_queue.pyd first seen with mtime 1618344525.0
File C:\Users\annie.conda\anaconda3\Lib\asyncio\streams.py first seen with mtime 1613730521.0
File C:\Users\annie.conda\anaconda3\Lib\gzip.py first seen with mtime 1613730521.0
File C:\Users\annie.conda\anaconda3\Lib\site-packages\django\contrib\staticfiles\apps.py first seen with mtime 1728794226.3166559
File C:\Users\annie.conda\anaconda3\Lib\site-packages\django\db\models\fields\related_lookups.py first seen with mtime 1728794226.5788682
File C:\Users\annie.conda\anaconda3\Lib\site-packages\django\conf\locale\__init__.py first seen with mtime 1728794222.1651676
File C:\Users\annie.conda\anaconda3\Lib\site-packages\django\utils\__init__.py first seen with mtime 1728794226.7989447
File C:\Users\annie.conda\anaconda3\Lib\site-packages\django\contrib\staticfiles\finders.py first seen with mtime 1728794226.3166559
File C:\Users\annie.conda\anaconda3\Lib\xml\etree\ElementTree.py first seen with mtime 1613730521.0
File C:\Users\annie.conda\anaconda3\Lib\site-packages\django\core\checks\__init__.py first seen with mtime 1728794226.355906
File C:\Users\annie.conda\anaconda3\Lib\argparse.py first seen with mtime 1613730521.0
File C:\Users\annie.conda\anaconda3\Lib\site-packages\django\contrib\admin\templatetags\base.py first seen with mtime 1728794223.2052495
File C:\Users\annie.conda\anaconda3\Lib\site-packages\django\db\backends\base\operations.py first seen with mtime 1728794226.470785
File C:\Users\annie.conda\anaconda3\Lib\json\__init__.py first seen with mtime 1613730521.0
File C:\Users\annie.conda\anaconda3\Lib\site-packages\django\db\models\fields\reverse_related.py first seen with mtime 1728794226.5788682
File C:\Users\annie.conda\anaconda3\Lib\site-packages\PIL\TiffTags.py first seen with mtime 1617386443.0
File C:\Users\annie.conda\anaconda3\Lib\site-packages\django\db\migrations\operations\__init__.py first seen with mtime 1728794226.547338
File C:\Users\annie.conda\anaconda3\Lib\nturl2path.py first seen with mtime 1613730521.0
File C:\Users\annie.conda\anaconda3\Lib\locale.py first seen with mtime 1613730521.0
File C:\Users\annie.conda\anaconda3\Lib\weakref.py first seen with mtime 1613730521.0
File C:\Users\annie.conda\anaconda3\Lib\site-packages\django\contrib\staticfiles\checks.py first seen with mtime 1728794226.3166559
File C:\Users\annie.conda\anaconda3\Lib\site-packages\django\template\loaders\filesystem.py first seen with mtime 1728794226.7680185
File C:\Users\annie.conda\anaconda3\Lib\site-packages\django\views\generic\detail.py first seen with mtime 1728794226.877618
File C:\Users\Nikhil Darji\Documents\Nikhil Darji\flogin\flogin\__init__.py first seen with mtime 1735278085.7940638
File C:\Users\annie.conda\anaconda3\Lib\site-packages\django\template\base.py first seen with mtime 1728794226.7367096
File C:\Users\annie.conda\anaconda3\Lib\site-packages\django\contrib\admin\utils.py first seen with mtime 1728794222.5275557
File C:\Users\annie.conda\anaconda3\Lib\site-packages\PIL\_binary.py first seen with mtime 1617386443.0
File C:\Users\annie.conda\anaconda3\Lib\asyncio\format_helpers.py first seen with mtime 1613730521.0
File C:\Users\annie.conda\anaconda3\Lib\site-packages\django\db\models\constraints.py first seen with mtime 1728794226.5582368
File C:\Users\annie.conda\anaconda3\Lib\_markupbase.py first seen with mtime 1613730521.0
File C:\Users\annie.conda\anaconda3\Lib\json\decoder.py first seen with mtime 1613730521.0
File C:\Users\Nikhil Darji\AppData\Roaming\Python\Python38\site-packages\backports\zoneinfo\_czoneinfo.cp38-win_amd64.pyd first seen with mtime 1728793751.484304
File C:\Users\annie.conda\anaconda3\Lib\site-packages\django\forms\forms.py first seen with mtime 1728794226.6105182
File C:\Users\annie.conda\anaconda3\Lib\site-packages\django\db\models\manager.py first seen with mtime 1728794226.563241
File C:\Users\annie.conda\anaconda3\DLLs\select.pyd first seen with mtime 1618344527.0
File C:\Users\annie.conda\anaconda3\Lib\site-packages\django\contrib\sites\requests.py first seen with mtime 1728794226.0584874
File C:\Users\annie.conda\anaconda3\Lib\site-packages\django\utils\http.py first seen with mtime 1728794226.8240824
File C:\Users\annie.conda\anaconda3\Lib\site-packages\django\urls\utils.py first seen with mtime 1728794226.7989447
File C:\Users\annie.conda\anaconda3\Lib\site-packages\django\db\models\fields\related.py first seen with mtime 1728794226.5788682
File C:\Users\annie.conda\anaconda3\Lib\site-packages\django\utils\termcolors.py first seen with mtime 1728794226.8406694
File C:\Users\annie.conda\anaconda3\Lib\genericpath.py first seen with mtime 1613730521.0
File C:\Users\annie.conda\anaconda3\Lib\posixpath.py first seen with mtime 1613730521.0
File C:\Users\annie.conda\anaconda3\Lib\site-packages\django\db\backends\base\creation.py first seen with mtime 1728794226.470785
File C:\Users\annie.conda\anaconda3\Lib\site-packages\django\utils\translation\trans_real.py first seen with mtime 1728794226.846486
File C:\Users\annie.conda\anaconda3\Lib\selectors.py first seen with mtime 1613730521.0
File C:\Users\annie.conda\anaconda3\Lib\site-packages\django\utils\itercompat.py first seen with mtime 1728794226.8328457
File C:\Users\annie.conda\anaconda3\Lib\site-packages\django\contrib\admin\decorators.py first seen with mtime 1728794222.5115483
File C:\Users\annie.conda\anaconda3\DLLs\_overlapped.pyd first seen with mtime 1618344526.0
File C:\Users\annie.conda\anaconda3\Lib\difflib.py first seen with mtime 1613730521.0
File C:\Users\annie.conda\anaconda3\Lib\site-packages\django\forms\widgets.py first seen with mtime 1728794226.624029
File C:\Users\annie.conda\anaconda3\Lib\html\__init__.py first seen with mtime 1613730521.0
File C:\Users\annie.conda\anaconda3\Lib\site-packages\django\utils\dates.py first seen with mtime 1728794226.8145766
File C:\Users\annie.conda\anaconda3\Lib\site-packages\django\core\signals.py first seen with mtime 1728794226.3467655
File C:\Users\annie.conda\anaconda3\Lib\site-packages\django\db\models\sql\constants.py first seen with mtime 1728794226.594492
File C:\Users\annie.conda\anaconda3\Lib\stat.py first seen with mtime 1613730521.0
File C:\Users\annie.conda\anaconda3\Lib\site-packages\django\core\files\utils.py first seen with mtime 1728794226.3878603
File C:\Users\annie.conda\anaconda3\DLLs\_ssl.pyd first seen with mtime 1618344533.0
File C:\Users\annie.conda\anaconda3\Lib\http\cookies.py first seen with mtime 1613730521.0
File C:\Users\annie.conda\anaconda3\Lib\site-packages\django\contrib\messages\__init__.py first seen with mtime 1728794225.309028
File C:\Users\annie.conda\anaconda3\Lib\site-packages\django\db\migrations\operations\base.py first seen with mtime 1728794226.552133
File C:\Users\annie.conda\anaconda3\Lib\site-packages\django\core\management\commands\__init__.py first seen with mtime 1728794226.4222188
File C:\Users\annie.conda\anaconda3\Lib\sqlite3\dbapi2.py first seen with mtime 1613730521.0
File C:\Users\Nikhil Darji\Documents\Nikhil Darji\flogin\accounts\models.py first seen with mtime 1735280042.695754
File C:\Users\annie.conda\anaconda3\Lib\site-packages\django\db\backends\__init__.py first seen with mtime 1728794226.4642353
File C:\Users\annie.conda\anaconda3\Lib\site-packages\django\core\checks\urls.py first seen with mtime 1728794226.3743565
File C:\Users\annie.conda\anaconda3\Lib\tempfile.py first seen with mtime 1613730521.0
File C:\Users\annie.conda\anaconda3\Lib\asyncio\locks.py first seen with mtime 1613730521.0
File C:\Users\annie.conda\anaconda3\Lib\traceback.py first seen with mtime 1613730521.0
File C:\Users\annie.conda\anaconda3\Lib\site-packages\django\http\cookie.py first seen with mtime 1728794226.7297063
File C:\Users\annie.conda\anaconda3\Lib\site-packages\django\core\__init__.py first seen with mtime 1728794226.340236
File C:\Users\annie.conda\anaconda3\Lib\bisect.py first seen with mtime 1613730521.0
File C:\Users\annie.conda\anaconda3\Lib\site-packages\django\core\serializers\python.py first seen with mtime 1728794226.452199
File C:\Users\annie.conda\anaconda3\Lib\encodings\utf_8.py first seen with mtime 1613730521.0
File C:\Users\annie.conda\anaconda3\Lib\site-packages\django\db\migrations\state.py first seen with mtime 1728794226.547338
File C:\Users\annie.conda\anaconda3\Lib\site-packages\PIL\_version.py first seen with mtime 1617386443.0
File C:\Users\annie.conda\anaconda3\Lib\asyncio\base_subprocess.py first seen with mtime 1613730521.0
File C:\Users\annie.conda\anaconda3\Lib\site-packages\django\views\generic\dates.py first seen with mtime 1728794226.877618
File C:\Users\annie.conda\anaconda3\Lib\site-packages\django\template\loader_tags.py first seen with mtime 1728794226.7523377
File C:\Users\annie.conda\anaconda3\Lib\ipaddress.py first seen with mtime 1613730521.0
File C:\Users\annie.conda\anaconda3\Lib\site-packages\django\db\utils.py first seen with mtime 1728794226.4642353
File C:\Users\Nikhil Darji\Documents\Nikhil Darji\flogin\flogin\urls.py first seen with mtime 1735279672.476196
File C:\Users\Nikhil Darji\AppData\Roaming\Python\Python38\site-packages\sqlparse\lexer.py first seen with mtime 1728793750.7671754
File C:\Users\annie.conda\anaconda3\Lib\site-packages\django\contrib\admin\actions.py first seen with mtime 1728794222.5115483
File C:\Users\annie.conda\anaconda3\Lib\site-packages\django\contrib\admin\exceptions.py first seen with mtime 1728794222.5115483
File C:\Users\annie.conda\anaconda3\Lib\site-packages\django\template\library.py first seen with mtime 1728794226.7523377
File C:\Users\annie.conda\anaconda3\Lib\site-packages\django\contrib\contenttypes\models.py first seen with mtime 1728794223.8573916
File C:\Users\annie.conda\anaconda3\Lib\site-packages\django\dispatch\dispatcher.py first seen with mtime 1728794226.6065114
File C:\Users\annie.conda\anaconda3\Lib\site-packages\django\contrib\staticfiles\__init__.py first seen with mtime 1728794226.3166559
File C:\Users\annie.conda\anaconda3\Lib\email\contentmanager.py first seen with mtime 1613730521.0
File C:\Users\annie.conda\anaconda3\Lib\site-packages\django\core\serializers\__init__.py first seen with mtime 1728794226.4499788
File C:\Users\annie.conda\anaconda3\DLLs\_hashlib.pyd first seen with mtime 1618344531.0
File C:\Users\Nikhil Darji\AppData\Roaming\Python\Python38\site-packages\sqlparse\filters\aligned_indent.py first seen with mtime 1728793750.7721806
File C:\Users\annie.conda\anaconda3\Lib\os.py first seen with mtime 1613730521.0
File C:\Users\annie.conda\anaconda3\Lib\asyncio\sslproto.py first seen with mtime 1613730521.0
File C:\Users\annie.conda\anaconda3\Lib\site-packages\django\template\loaders\base.py first seen with mtime 1728794226.7680185
File C:\Users\annie.conda\anaconda3\Lib\site-packages\django\core\serializers\json.py first seen with mtime 1728794226.452199
File C:\Users\annie.conda\anaconda3\Lib\site-packages\django\utils\connection.py first seen with mtime 1728794226.7989447
File C:\Users\annie.conda\anaconda3\Lib\site-packages\django\forms\utils.py first seen with mtime 1728794226.624029
File C:\Users\annie.conda\anaconda3\Lib\pickle.py first seen with mtime 1613730521.0
File C:\Users\annie.conda\anaconda3\Lib\queue.py first seen with mtime 1613730521.0
File C:\Users\annie.conda\anaconda3\Lib\site-packages\django\db\transaction.py first seen with mtime 1728794226.4632826
File C:\Users\annie.conda\anaconda3\Lib\site-packages\django\db\models\options.py first seen with mtime 1728794226.563241
File C:\Users\annie.conda\anaconda3\Lib\site-packages\django\core\management\commands\runserver.py first seen with mtime 1728794226.4357302
File C:\Users\annie.conda\anaconda3\Lib\io.py first seen with mtime 1613730521.0
File C:\Users\annie.conda\anaconda3\Lib\importlib\abc.py first seen with mtime 1613730521.0
File C:\Users\annie.conda\anaconda3\Lib\signal.py first seen with mtime 1613730521.0
File C:\Users\annie.conda\anaconda3\Lib\asyncio\windows_events.py first seen with mtime 1613730521.0
File C:\Users\Nikhil Darji\Documents\Nikhil Darji\flogin\accounts\views.py first seen with mtime 1735288806.8604362
File C:\Users\annie.conda\anaconda3\Lib\site-packages\django\db\migrations\__init__.py first seen with mtime 1728794226.5324855
File C:\Users\annie.conda\anaconda3\Lib\email\generator.py first seen with mtime 1613730521.0
File C:\Users\annie.conda\anaconda3\Lib\site-packages\django\db\backends\sqlite3\client.py first seen with mtime 1728794226.5241013
File C:\Users\annie.conda\anaconda3\Lib\asyncio\base_tasks.py first seen with mtime 1613730521.0
File C:\Users\annie.conda\anaconda3\DLLs\_sqlite3.pyd first seen with mtime 1618344533.0
File C:\Users\annie.conda\anaconda3\Lib\site-packages\django\contrib\staticfiles\management\commands\runserver.py first seen with mtime 1728794226.3312318
File C:\Users\annie.conda\anaconda3\Lib\ntpath.py first seen with mtime 1613730521.0
File C:\Users\annie.conda\anaconda3\Lib\site-packages\django\utils\text.py first seen with mtime 1728794226.8441007
File C:\Users\annie.conda\anaconda3\Lib\enum.py first seen with mtime 1613730521.0
File C:\Users\Nikhil Darji\AppData\Roaming\Python\Python38\site-packages\sqlparse\keywords.py first seen with mtime 1728793750.7671754
File C:\Users\annie.conda\anaconda3\Lib\site-packages\django\db\models\sql\__init__.py first seen with mtime 1728794226.594492
File C:\Users\annie.conda\anaconda3\Lib\site-packages\django\shortcuts.py first seen with mtime 1728794222.1495469
File C:\Users\annie.conda\anaconda3\Lib\site-packages\django\contrib\admin\templatetags\log.py first seen with mtime 1728794223.207649
File C:\Users\annie.conda\anaconda3\Lib\site-packages\django\core\serializers\base.py first seen with mtime 1728794226.452199
File C:\Users\annie.conda\anaconda3\Lib\ctypes\__init__.py first seen with mtime 1618343766.0
File C:\Users\annie.conda\anaconda3\Lib\site-packages\django\db\models\constants.py first seen with mtime 1728794226.5582368
File C:\Users\annie.conda\anaconda3\Lib\site-packages\django\http\request.py first seen with mtime 1728794226.7297063
File C:\Users\annie.conda\anaconda3\Lib\asyncio\constants.py first seen with mtime 1613730521.0
File C:\Users\annie.conda\anaconda3\Lib\site-packages\django\template\utils.py first seen with mtime 1728794226.7629657
File C:\Users\annie.conda\anaconda3\Lib\site-packages\django\core\files\storage\memory.py first seen with mtime 1728794226.3878603
File C:\Users\annie.conda\anaconda3\Lib\site-packages\django\contrib\contenttypes\views.py first seen with mtime 1728794223.8573916
File C:\Users\annie.conda\anaconda3\Lib\site-packages\django\core\cache\__init__.py first seen with mtime 1728794226.3502667
File C:\Users\annie.conda\anaconda3\Lib\site-packages\django\views\debug.py first seen with mtime 1728794226.8619893
File C:\Users\annie.conda\anaconda3\Lib\urllib\__init__.py first seen with mtime 1613730521.0
File C:\Users\annie.conda\anaconda3\Lib\site-packages\django\core\servers\basehttp.py first seen with mtime 1728794226.452199
File C:\Users\annie.conda\anaconda3\Lib\site-packages\django\utils\tree.py first seen with mtime 1728794226.846486
File C:\Users\annie.conda\anaconda3\Lib\keyword.py first seen with mtime 1613730521.0
File C:\Users\annie.conda\anaconda3\Lib\site-packages\django\contrib\sessions\apps.py first seen with mtime 1728794225.8015404
File C:\Users\annie.conda\anaconda3\Lib\site-packages\django\template\loaders\cached.py first seen with mtime 1728794226.7680185
File C:\Users\annie.conda\anaconda3\Lib\encodings\latin_1.py first seen with mtime 1613730521.0
File C:\Users\annie.conda\anaconda3\Lib\json\encoder.py first seen with mtime 1613730521.0
File C:\Users\annie.conda\anaconda3\Lib\site-packages\django\contrib\contenttypes\management\__init__.py first seen with mtime 1728794224.136732
File C:\Users\annie.conda\anaconda3\Lib\site-packages\django\utils\translation\__init__.py first seen with mtime 1728794226.846486
File C:\Users\annie.conda\anaconda3\Lib\warnings.py first seen with mtime 1613730521.0
File C:\Users\annie.conda\anaconda3\Lib\copy.py first seen with mtime 1613730521.0
File C:\Users\annie.conda\anaconda3\Lib\site-packages\zope\__init__.py first seen with mtime 1573731207.0
File C:\Users\annie.conda\anaconda3\Lib\site-packages\django\utils\log.py first seen with mtime 1728794226.8328457
File C:\Users\annie.conda\anaconda3\Lib\site-packages\django\db\backends\base\schema.py first seen with mtime 1728794226.470785
File C:\Users\annie.conda\anaconda3\Lib\site-packages\django\views\generic\list.py first seen with mtime 1728794226.877618
File C:\Users\annie.conda\anaconda3\Lib\site-packages\django\utils\translation\reloader.py first seen with mtime 1728794226.846486
File C:\Users\annie.conda\anaconda3\Lib\ast.py first seen with mtime 1613730521.0
File C:\Users\annie.conda\anaconda3\Lib\hmac.py first seen with mtime 1613730521.0
File C:\Users\annie.conda\anaconda3\Lib\email\message.py first seen with mtime 1613730521.0
File C:\Users\annie.conda\anaconda3\Lib\site-packages\django\core\files\storage\mixins.py first seen with mtime 1728794226.3878603
File C:\Users\annie.conda\anaconda3\Lib\site-packages\django\db\models\sql\datastructures.py first seen with mtime 1728794226.601146
File C:\Users\annie.conda\anaconda3\Lib\site-packages\django\utils\regex_helper.py first seen with mtime 1728794226.8406694
File C:\Users\annie.conda\anaconda3\Lib\collections\__init__.py first seen with mtime 1613730521.0
File C:\Users\annie.conda\anaconda3\Lib\site-packages\django\utils\decorators.py first seen with mtime 1728794226.8145766
File C:\Users\annie.conda\anaconda3\Lib\site-packages\django\core\handlers\asgi.py first seen with mtime 1728794226.3878603
File C:\Users\annie.conda\anaconda3\Lib\asyncio\tasks.py first seen with mtime 1613730521.0
File C:\Users\annie.conda\anaconda3\Lib\site-packages\django\contrib\admin\templatetags\admin_list.py first seen with mtime 1728794223.2015934
File C:\Users\annie.conda\anaconda3\Lib\site-packages\django\core\checks\security\__init__.py first seen with mtime 1728794226.3743565
File C:\Users\annie.conda\anaconda3\Lib\asyncio\futures.py first seen with mtime 1613730521.0
File C:\Users\annie.conda\anaconda3\Lib\site-packages\django\utils\formats.py first seen with mtime 1728794226.8240824
File C:\Users\annie.conda\anaconda3\Lib\functools.py first seen with mtime 1613730521.0
File C:\Users\Nikhil Darji\AppData\Roaming\Python\Python38\site-packages\backports\zoneinfo\_version.py first seen with mtime 1728793751.487432
File C:\Users\annie.conda\anaconda3\Lib\urllib\response.py first seen with mtime 1613730521.0
File C:\Users\Nikhil Darji\AppData\Roaming\Python\Python38\site-packages\sqlparse\filters\tokens.py first seen with mtime 1728793750.7721806
File C:\Users\annie.conda\anaconda3\Lib\uu.py first seen with mtime 1613730521.0
File C:\Users\Nikhil Darji\AppData\Roaming\Python\Python38\site-packages\backports\__init__.py first seen with mtime 1728793751.4664092
File C:\Users\annie.conda\anaconda3\Lib\site-packages\django\db\models\signals.py first seen with mtime 1728794226.563241
File C:\Users\annie.conda\anaconda3\Lib\site-packages\django\db\backends\base\validation.py first seen with mtime 1728794226.470785
File C:\Users\annie.conda\anaconda3\Lib\site-packages\django\core\checks\database.py first seen with mtime 1728794226.3658526
File C:\Users\annie.conda\anaconda3\Lib\site-packages\django\core\validators.py first seen with mtime 1728794226.3467655
File C:\Users\annie.conda\anaconda3\Lib\site-packages\django\contrib\messages\constants.py first seen with mtime 1728794225.309028
File C:\Users\annie.conda\anaconda3\Lib\asyncio\coroutines.py first seen with mtime 1613730521.0
File C:\Users\annie.conda\anaconda3\Lib\getpass.py first seen with mtime 1613730521.0
File C:\Users\annie.conda\anaconda3\Lib\site-packages\django\db\backends\sqlite3\operations.py first seen with mtime 1728794226.5241013
File C:\Users\annie.conda\anaconda3\Lib\encodings\cp1252.py first seen with mtime 1613730521.0
File C:\Users\annie.conda\anaconda3\Lib\site-packages\django\contrib\admin\helpers.py first seen with mtime 1728794222.5215526
File C:\Users\annie.conda\anaconda3\Lib\site-packages\django\db\models\__init__.py first seen with mtime 1728794226.5552325
File C:\Users\annie.conda\anaconda3\Lib\site-packages\django\template\defaulttags.py first seen with mtime 1728794226.7523377
File C:\Users\annie.conda\anaconda3\Lib\copyreg.py first seen with mtime 1613730521.0
File C:\Users\Nikhil Darji\AppData\Roaming\Python\Python38\site-packages\typing_extensions.py first seen with mtime 1729689611.124978
File C:\Users\annie.conda\anaconda3\Lib\asyncio\__init__.py first seen with mtime 1613730521.0
File C:\Users\annie.conda\anaconda3\Lib\site-packages\django\db\backends\utils.py first seen with mtime 1728794226.4695766
File C:\Users\annie.conda\anaconda3\Lib\wsgiref\__init__.py first seen with mtime 1613730521.0
File C:\Users\annie.conda\anaconda3\Lib\site-packages\django\utils\deconstruct.py first seen with mtime 1728794226.8145766
File C:\Users\annie.conda\anaconda3\Lib\site-packages\django\template\backends\__init__.py first seen with mtime 1728794226.7629657
File C:\Users\annie.conda\anaconda3\Lib\site-packages\django\contrib\contenttypes\fields.py first seen with mtime 1728794223.8573916
File C:\Users\annie.conda\anaconda3\Lib\site-packages\django\db\models\expressions.py first seen with mtime 1728794226.563241
File C:\Users\annie.conda\anaconda3\Lib\urllib\parse.py first seen with mtime 1613730521.0
File C:\Users\annie.conda\anaconda3\Lib\email\mime\__init__.py first seen with mtime 1613730521.0
File C:\Users\annie.conda\anaconda3\Lib\site-packages\django\core\checks\security\base.py first seen with mtime 1728794226.3743565
File C:\Users\annie.conda\anaconda3\Lib\asyncio\protocols.py first seen with mtime 1613730521.0
File C:\Users\annie.conda\anaconda3\Lib\site-packages\colorama\ansitowin32.py first seen with mtime 1607707146.0
File C:\Users\annie.conda\anaconda3\Lib\site-packages\django\core\cache\backends\__init__.py first seen with mtime 1728794226.3534002
File C:\Users\annie.conda\anaconda3\Lib\email\errors.py first seen with mtime 1613730521.0
File C:\Users\annie.conda\anaconda3\Lib\site-packages\django\core\management\color.py first seen with mtime 1728794226.4181414
File C:\Users\annie.conda\anaconda3\Lib\site-packages\django\contrib\admin\templatetags\admin_modify.py first seen with mtime 1728794223.2015934
File C:\Users\annie.conda\anaconda3\Lib\concurrent\futures\_base.py first seen with mtime 1613730521.0
File C:\Users\annie.conda\anaconda3\Lib\site-packages\django\db\backends\sqlite3\creation.py first seen with mtime 1728794226.5241013
File C:\Users\annie.conda\anaconda3\Lib\heapq.py first seen with mtime 1613730521.0
File C:\Users\annie.conda\anaconda3\Lib\site-packages\django\core\checks\model_checks.py first seen with mtime 1728794226.3693597
File C:\Users\annie.conda\anaconda3\Lib\site-packages\django\views\decorators\debug.py first seen with mtime 1728794226.8619893
File C:\Users\annie.conda\anaconda3\Lib\_compat_pickle.py first seen with mtime 1613730521.0
File C:\Users\annie.conda\anaconda3\Lib\concurrent\futures\thread.py first seen with mtime 1613730521.0
File C:\Users\annie.conda\anaconda3\Lib\importlib\machinery.py first seen with mtime 1613730521.0
File C:\Users\annie.conda\anaconda3\Lib\site-packages\django\db\models\fields\proxy.py first seen with mtime 1728794226.5788682
File C:\Users\annie.conda\anaconda3\Lib\site-packages\django\utils\_os.py first seen with mtime 1728794226.7989447
File C:\Users\annie.conda\anaconda3\Lib\sre_constants.py first seen with mtime 1613730521.0
File C:\Users\annie.conda\anaconda3\Lib\site-packages\django\db\migrations\operations\models.py first seen with mtime 1728794226.5534112
File C:\Users\annie.conda\anaconda3\Lib\site-packages\django\core\mail\__init__.py first seen with mtime 1728794226.403836
File C:\Users\annie.conda\anaconda3\Lib\site-packages\django\core\cache\backends\filebased.py first seen with mtime 1728794226.355906
File C:\Users\annie.conda\anaconda3\Lib\email\policy.py first seen with mtime 1613730521.0
File C:\Users\annie.conda\anaconda3\Lib\mimetypes.py first seen with mtime 1613730521.0
File C:\Users\annie.conda\anaconda3\Lib\decimal.py first seen with mtime 1613730521.0
File C:\Users\annie.conda\anaconda3\Lib\site-packages\django\contrib\staticfiles\utils.py first seen with mtime 1728794226.327384
File C:\Users\annie.conda\anaconda3\DLLs\_socket.pyd first seen with mtime 1618344531.0
File C:\Users\annie.conda\anaconda3\Lib\site-packages\django\db\models\base.py first seen with mtime 1728794226.5582368
File C:\Users\annie.conda\anaconda3\Lib\site-packages\django\templatetags\l10n.py first seen with mtime 1728794226.7680185
File C:\Users\annie.conda\anaconda3\Lib\site-packages\django\template\smartif.py first seen with mtime 1728794226.7523377
File C:\Users\annie.conda\anaconda3\Lib\site-packages\django\template\backends\django.py first seen with mtime 1728794226.7645013
File C:\Users\annie.conda\anaconda3\Lib\concurrent\__init__.py first seen with mtime 1613730521.0
File C:\Users\annie.conda\anaconda3\Lib\site-packages\django\core\files\storage\__init__.py first seen with mtime 1728794226.3878603
File C:\Users\annie.conda\anaconda3\Lib\site-packages\django\conf\global_settings.py first seen with mtime 1728794222.1495469
File C:\Users\annie.conda\anaconda3\Lib\site-packages\django\template\loader.py first seen with mtime 1728794226.7523377
File C:\Users\annie.conda\anaconda3\Lib\site-packages\django\template\backends\base.py first seen with mtime 1728794226.7645013
File C:\Users\annie.conda\anaconda3\Lib\email\charset.py first seen with mtime 1613730521.0
File C:\Users\annie.conda\anaconda3\Lib\email\encoders.py first seen with mtime 1613730521.0
File C:\Users\annie.conda\anaconda3\Lib\email\mime\base.py first seen with mtime 1613730521.0
File C:\Users\Nikhil Darji\Documents\Nikhil Darji\flogin\manage.py first seen with mtime 1735278085.780942
File C:\Users\annie.conda\anaconda3\Lib\statistics.py first seen with mtime 1613730521.0
File C:\Users\annie.conda\anaconda3\Lib\site-packages\django\contrib\admin\apps.py first seen with mtime 1728794222.5115483
File C:\Users\annie.conda\anaconda3\Lib\site-packages\django\db\models\functions\mixins.py first seen with mtime 1728794226.5788682
File C:\Users\annie.conda\anaconda3\Lib\site-packages\django\db\models\functions\window.py first seen with mtime 1728794226.594492
File C:\Users\annie.conda\anaconda3\Lib\http\server.py first seen with mtime 1613730521.0
File C:\Users\annie.conda\anaconda3\Lib\site-packages\django\db\migrations\utils.py first seen with mtime 1728794226.547338
File C:\Users\Nikhil Darji\AppData\Roaming\Python\Python38\site-packages\asgiref\sync.py first seen with mtime 1728793751.6553564
File C:\Users\annie.conda\anaconda3\Lib\site-packages\django\db\backends\sqlite3\introspection.py first seen with mtime 1728794226.5241013
File C:\Users\annie.conda\anaconda3\Lib\lzma.py first seen with mtime 1613730521.0
File C:\Users\annie.conda\anaconda3\Lib\site-packages\django\views\csrf.py first seen with mtime 1728794226.846486
File C:\Users\annie.conda\anaconda3\Lib\pkgutil.py first seen with mtime 1613730521.0
File C:\Users\annie.conda\anaconda3\Lib\site-packages\django\contrib\contenttypes\checks.py first seen with mtime 1728794223.8573916
File C:\Users\annie.conda\anaconda3\Lib\site-packages\django\template\autoreload.py first seen with mtime 1728794226.7367096
File C:\Users\annie.conda\anaconda3\Lib\site-packages\django\db\models\sql\where.py first seen with mtime 1728794226.6044664
File C:\Users\annie.conda\anaconda3\Lib\site-packages\django\contrib\auth\apps.py first seen with mtime 1728794223.528278
File C:\Users\annie.conda\anaconda3\Lib\site-packages\sphinxcontrib\__init__.py first seen with mtime 1573661526.0
File C:\Users\annie.conda\anaconda3\Lib\site-packages\django\contrib\admin\checks.py first seen with mtime 1728794222.5115483
File C:\Users\annie.conda\anaconda3\Lib\site-packages\django\db\backends\sqlite3\__init__.py first seen with mtime 1728794226.5155978
File C:\Users\annie.conda\anaconda3\DLLs\unicodedata.pyd first seen with mtime 1618344530.0
File C:\Users\annie.conda\anaconda3\Lib\asyncio\base_futures.py first seen with mtime 1613730521.0
File C:\Users\annie.conda\anaconda3\Lib\site-packages\django\forms\renderers.py first seen with mtime 1728794226.624029
File C:\Users\annie.conda\anaconda3\Lib\site-packages\django\urls\resolvers.py first seen with mtime 1728794226.7989447
File C:\Users\annie.conda\anaconda3\Lib\email\_encoded_words.py first seen with mtime 1613730521.0
File C:\Users\annie.conda\anaconda3\DLLs\pyexpat.pyd first seen with mtime 1618344530.0
File C:\Users\annie.conda\anaconda3\DLLs\_elementtree.pyd first seen with mtime 1618344528.0
File C:\Users\annie.conda\anaconda3\Lib\site-packages\django\core\files\storage\base.py first seen with mtime 1728794226.3878603
File C:\Users\annie.conda\anaconda3\Lib\site-packages\django\contrib\admin\templatetags\admin_urls.py first seen with mtime 1728794223.2052495
File C:\Users\annie.conda\anaconda3\Lib\bz2.py first seen with mtime 1613730521.0
File C:\Users\annie.conda\anaconda3\Lib\site-packages\django\db\backends\base\introspection.py first seen with mtime 1728794226.470785
File C:\Users\annie.conda\anaconda3\Lib\site-packages\django\contrib\staticfiles\management\commands\__init__.py first seen with mtime 1728794226.3312318
File C:\Users\annie.conda\anaconda3\Lib\site-packages\django\core\files\temp.py first seen with mtime 1728794226.3743565
File C:\Users\annie.conda\anaconda3\Lib\site-packages\django\core\cache\utils.py first seen with mtime 1728794226.3502667
File C:\Users\annie.conda\anaconda3\Lib\site-packages\django\utils\autoreload.py first seen with mtime 1728794226.7989447
File C:\Users\annie.conda\anaconda3\Lib\site-packages\django\forms\fields.py first seen with mtime 1728794226.6105182
File C:\Users\Nikhil Darji\AppData\Roaming\Python\Python38\site-packages\sqlparse\utils.py first seen with mtime 1728793750.7721806
File C:\Users\annie.conda\anaconda3\Lib\site-packages\django\template\loaders\app_directories.py first seen with mtime 1728794226.7680185
File C:\Users\annie.conda\anaconda3\Lib\json\scanner.py first seen with mtime 1613730521.0
File C:\Users\annie.conda\anaconda3\Lib\site-packages\django\contrib\auth\checks.py first seen with mtime 1728794223.5357873
File C:\Users\annie.conda\anaconda3\Lib\site-packages\django\core\servers\__init__.py first seen with mtime 1728794226.452199
File C:\Users\annie.conda\anaconda3\Lib\site-packages\django\contrib\messages\api.py first seen with mtime 1728794225.309028
File C:\Users\annie.conda\anaconda3\Lib\multiprocessing\context.py first seen with mtime 1613730521.0
File C:\Users\annie.conda\anaconda3\Lib\site-packages\django\urls\converters.py first seen with mtime 1728794226.7989447
File C:\Users\annie.conda\anaconda3\Lib\site-packages\django\utils\ipv6.py first seen with mtime 1728794226.8328457
File C:\Users\annie.conda\anaconda3\Lib\site-packages\django\db\models\query_utils.py first seen with mtime 1728794226.563241
File C:\Users\annie.conda\anaconda3\Lib\asyncio\transports.py first seen with mtime 1613730521.0
File C:\Users\annie.conda\anaconda3\Lib\site-packages\django\db\backends\base\__init__.py first seen with mtime 1728794226.4695766
File C:\Users\annie.conda\anaconda3\Lib\wsgiref\util.py first seen with mtime 1613730521.0
File C:\Users\annie.conda\anaconda3\Lib\site-packages\django\urls\exceptions.py first seen with mtime 1728794226.7989447
File C:\Users\annie.conda\anaconda3\Lib\site-packages\django\db\models\functions\comparison.py first seen with mtime 1728794226.5788682
File C:\Users\annie.conda\anaconda3\Lib\email\base64mime.py first seen with mtime 1613730521.0
File C:\Users\annie.conda\anaconda3\Lib\multiprocessing\__init__.py first seen with mtime 1613730521.0
File C:\Users\annie.conda\anaconda3\Lib\site-packages\django\core\files\move.py first seen with mtime 1728794226.3743565
File C:\Users\annie.conda\anaconda3\Lib\logging\config.py first seen with mtime 1613730521.0
File C:\Users\annie.conda\anaconda3\Lib\collections\abc.py first seen with mtime 1613730521.0
File C:\Users\annie.conda\anaconda3\Lib\site-packages\django\core\checks\compatibility\django_4_0.py first seen with mtime 1728794226.3743565
File C:\Users\annie.conda\anaconda3\Lib\site-packages\django\db\models\enums.py first seen with mtime 1728794226.563241
File C:\Users\annie.conda\anaconda3\Lib\threading.py first seen with mtime 1613730521.0
File C:\Users\annie.conda\anaconda3\Lib\site-packages\django\db\models\functions\datetime.py first seen with mtime 1728794226.5788682
File C:\Users\annie.conda\anaconda3\Lib\email\mime\text.py first seen with mtime 1613730521.0
File C:\Users\Nikhil Darji\Documents\Nikhil Darji\flogin\accounts\admin.py first seen with mtime 1735278322.5919547
File C:\Users\annie.conda\anaconda3\Lib\wsgiref\headers.py first seen with mtime 1613730521.0
File C:\Users\annie.conda\anaconda3\Lib\site-packages\django\db\migrations\migration.py first seen with mtime 1728794226.5373342
File C:\Users\annie.conda\anaconda3\Lib\site-packages\django\db\models\functions\__init__.py first seen with mtime 1728794226.5788682
File C:\Users\annie.conda\anaconda3\Lib\asyncio\subprocess.py first seen with mtime 1613730521.0
File C:\Users\annie.conda\anaconda3\Lib\site-packages\django\db\backends\ddl_references.py first seen with mtime 1728794226.4642353
File C:\Users\annie.conda\anaconda3\Lib\site-packages\django\db\backends\base\base.py first seen with mtime 1728794226.470785
File C:\Users\annie.conda\anaconda3\Lib\site-packages\django\utils\safestring.py first seen with mtime 1728794226.8406694
File C:\Users\annie.conda\anaconda3\Lib\site-packages\django\core\checks\messages.py first seen with mtime 1728794226.3683667
File C:\Users\annie.conda\anaconda3\Lib\site-packages\django\views\defaults.py first seen with mtime 1728794226.8619893
File C:\Users\annie.conda\anaconda3\Lib\urllib\request.py first seen with mtime 1613730521.0
File C:\Users\annie.conda\anaconda3\Lib\multiprocessing\process.py first seen with mtime 1613730521.0
File C:\Users\annie.conda\anaconda3\Lib\asyncio\queues.py first seen with mtime 1613730521.0
File C:\Users\annie.conda\anaconda3\Lib\site-packages\django\contrib\admin\__init__.py first seen with mtime 1728794222.5115483
File C:\Users\annie.conda\anaconda3\Lib\site-packages\colorama\win32.py first seen with mtime 1607707146.0
File C:\Users\annie.conda\anaconda3\Lib\html\parser.py first seen with mtime 1613730521.0
File C:\Users\Nikhil Darji\AppData\Roaming\Python\Python38\site-packages\sqlparse\exceptions.py first seen with mtime 1728793750.7671754
File C:\Users\annie.conda\anaconda3\Lib\site-packages\django\db\backends\sqlite3\schema.py first seen with mtime 1728794226.5316052
File C:\Users\annie.conda\anaconda3\Lib\site-packages\django\core\handlers\exception.py first seen with mtime 1728794226.3878603
File C:\Users\annie.conda\anaconda3\Lib\site-packages\django\views\static.py first seen with mtime 1728794226.8619893
File C:\Users\annie.conda\anaconda3\Lib\site-packages\django\contrib\auth\signals.py first seen with mtime 1728794223.5469418
File C:\Users\annie.conda\anaconda3\Lib\site-packages\django\db\models\lookups.py first seen with mtime 1728794226.563241
File C:\Users\annie.conda\anaconda3\Lib\site-packages\django\db\models\utils.py first seen with mtime 1728794226.563241
File C:\Users\annie.conda\anaconda3\Lib\site-packages\django\utils\cache.py first seen with mtime 1728794226.7989447
File C:\Users\annie.conda\anaconda3\Lib\site-packages\django\db\models\fields\__init__.py first seen with mtime 1728794226.563241
File C:\Users\annie.conda\anaconda3\Lib\wsgiref\handlers.py first seen with mtime 1613730521.0
File C:\Users\annie.conda\anaconda3\Lib\site-packages\django\utils\timezone.py first seen with mtime 1728794226.846486
File C:\Users\annie.conda\anaconda3\Lib\platform.py first seen with mtime 1618343759.0
File C:\Users\annie.conda\anaconda3\Lib\xml\__init__.py first seen with mtime 1613730521.0
File C:\Users\Nikhil Darji\AppData\Roaming\Python\Python38\site-packages\sqlparse\filters\__init__.py first seen with mtime 1728793750.7721806
File C:\Users\annie.conda\anaconda3\Lib\site-packages\django\views\decorators\csrf.py first seen with mtime 1728794226.8619893
File C:\Users\annie.conda\anaconda3\Lib\asyncio\windows_utils.py first seen with mtime 1613730521.0
File C:\Users\annie.conda\anaconda3\Lib\site-packages\django\contrib\staticfiles\views.py first seen with mtime 1728794226.3312318
File C:\Users\annie.conda\anaconda3\Lib\site-packages\django\__init__.py first seen with mtime 1728794222.1495469
File C:\Users\annie.conda\anaconda3\Lib\asyncio\log.py first seen with mtime 1613730521.0
File C:\Users\annie.conda\anaconda3\Lib\site-packages\django\db\models\fields\json.py first seen with mtime 1728794226.5788682
File C:\Users\annie.conda\anaconda3\Lib\site-packages\PIL\__init__.py first seen with mtime 1617386443.0
File C:\Users\annie.conda\anaconda3\Lib\site-packages\django\contrib\contenttypes\admin.py first seen with mtime 1728794223.8573916
File C:\Users\annie.conda\anaconda3\Lib\email\feedparser.py first seen with mtime 1613730521.0
File C:\Users\annie.conda\anaconda3\Lib\hashlib.py first seen with mtime 1613730521.0
File C:\Users\annie.conda\anaconda3\Lib\site-packages\django\core\files\storage\handler.py first seen with mtime 1728794226.3878603
File C:\Users\annie.conda\anaconda3\Lib\inspect.py first seen with mtime 1613730521.0
File C:\Users\annie.conda\anaconda3\Lib\site-packages\django\utils\topological_sort.py first seen with mtime 1728794226.846486
File C:\Users\annie.conda\anaconda3\Lib\site-packages\django\contrib\staticfiles\management\__init__.py first seen with mtime 1728794226.3312318
File C:\Users\annie.conda\anaconda3\Lib\site-packages\colorama\__init__.py first seen with mtime 1607707146.0
File C:\Users\annie.conda\anaconda3\Lib\site-packages\django\contrib\auth\hashers.py first seen with mtime 1728794223.5381274
File C:\Users\annie.conda\anaconda3\Lib\socket.py first seen with mtime 1613730521.0
File C:\Users\annie.conda\anaconda3\Lib\site-packages\django\db\models\sql\query.py first seen with mtime 1728794226.602493
File C:\Users\annie.conda\anaconda3\Lib\site-packages\django\contrib\admin\views\__init__.py first seen with mtime 1728794223.207649
File C:\Users\annie.conda\anaconda3\Lib\subprocess.py first seen with mtime 1613730521.0
File C:\Users\annie.conda\anaconda3\DLLs\_ctypes.pyd first seen with mtime 1618344532.0
File C:\Users\annie.conda\anaconda3\Lib\site-packages\django\db\models\fields\related_descriptors.py first seen with mtime 1728794226.5788682
File C:\Users\annie.conda\anaconda3\Lib\site-packages\django\contrib\auth\admin.py first seen with mtime 1728794223.528278
File C:\Users\annie.conda\anaconda3\DLLs\_lzma.pyd first seen with mtime 1618344547.0
File C:\Users\annie.conda\anaconda3\Lib\site-packages\django\db\models\indexes.py first seen with mtime 1728794226.563241
File C:\Users\annie.conda\anaconda3\Lib\site-packages\django\contrib\admin\views\main.py first seen with mtime 1728794223.207649
File C:\Users\Nikhil Darji\AppData\Roaming\Python\Python38\site-packages\sqlparse\engine\statement_splitter.py first seen with mtime 1728793750.7721806
File C:\Users\annie.conda\anaconda3\Lib\html\entities.py first seen with mtime 1613730521.0
File C:\Users\annie.conda\anaconda3\Lib\email\mime\nonmultipart.py first seen with mtime 1613730521.0
File C:\Users\annie.conda\anaconda3\Lib\site-packages\django\core\checks\compatibility\__init__.py first seen with mtime 1728794226.3743565
File C:\Users\annie.conda\anaconda3\Lib\email\headerregistry.py first seen with mtime 1613730521.0
File C:\Users\annie.conda\anaconda3\Lib\site-packages\django\middleware\csrf.py first seen with mtime 1728794226.7367096
File C:\Users\annie.conda\anaconda3\Lib\site-packages\django\utils\dateformat.py first seen with mtime 1728794226.7989447
File C:\Users\annie.conda\anaconda3\Lib\_weakrefset.py first seen with mtime 1613730521.0
File C:\Users\annie.conda\anaconda3\Lib\email\_header_value_parser.py first seen with mtime 1613730521.0
File C:\Users\annie.conda\anaconda3\Lib\fractions.py first seen with mtime 1613730521.0
File C:\Users\annie.conda\anaconda3\Lib\site-packages\django\core\management\__init__.py first seen with mtime 1728794226.407781
File C:\Users\annie.conda\anaconda3\Lib\site-packages\django\contrib\admin\filters.py first seen with mtime 1728794222.5115483
File C:\Users\Nikhil Darji\AppData\Roaming\Python\Python38\site-packages\sqlparse\filters\reindent.py first seen with mtime 1728793750.7721806
File C:\Users\annie.conda\anaconda3\Lib\multiprocessing\reduction.py first seen with mtime 1613730521.0
File C:\Users\annie.conda\anaconda3\Lib\email\__init__.py first seen with mtime 1613730521.0
File C:\Users\annie.conda\anaconda3\Lib\numbers.py first seen with mtime 1613730521.0
File C:\Users\Nikhil Darji\Documents\Nikhil Darji\flogin\flogin\settings.py first seen with mtime 1735289056.1918023
File C:\Users\annie.conda\anaconda3\Lib\site-packages\django\template\exceptions.py first seen with mtime 1728794226.7523377
File C:\Users\annie.conda\anaconda3\Lib\wsgiref\simple_server.py first seen with mtime 1613730521.0
File C:\Users\Nikhil Darji\AppData\Roaming\Python\Python38\site-packages\sqlparse\sql.py first seen with mtime 1728793750.7671754
File C:\Users\annie.conda\anaconda3\Lib\_collections_abc.py first seen with mtime 1613730521.0
File C:\Users\annie.conda\anaconda3\Lib\asyncio\selector_events.py first seen with mtime 1613730521.0
File C:\Users\annie.conda\anaconda3\Lib\site-packages\django\templatetags\tz.py first seen with mtime 1728794226.7680185
File C:\Users\annie.conda\anaconda3\Lib\site-packages\django\utils\encoding.py first seen with mtime 1728794226.8145766
File C:\Users\annie.conda\anaconda3\Lib\site-packages\django\db\backends\base\features.py first seen with mtime 1728794226.470785
File C:\Users\annie.conda\anaconda3\Lib\struct.py first seen with mtime 1613730521.0
File C:\Users\annie.conda\anaconda3\Lib\site-packages\django\core\handlers\wsgi.py first seen with mtime 1728794226.3878603
File C:\Users\annie.conda\anaconda3\Lib\site-packages\django\contrib\messages\utils.py first seen with mtime 1728794225.3220935
File C:\Users\annie.conda\anaconda3\Lib\site-packages\django\forms\__init__.py first seen with mtime 1728794226.6065114
File C:\Users\annie.conda\anaconda3\Lib\importlib\__init__.py first seen with mtime 1613730521.0
File C:\Users\annie.conda\anaconda3\Lib\sqlite3\__init__.py first seen with mtime 1613730521.0
File C:\Users\annie.conda\anaconda3\Lib\site-packages\django\core\files\storage\filesystem.py first seen with mtime 1728794226.3878603
File C:\Users\annie.conda\anaconda3\Lib\site-packages\django\utils\version.py first seen with mtime 1728794226.846486
File C:\Users\annie.conda\anaconda3\Lib\site-packages\django\conf\urls\__init__.py first seen with mtime 1728794222.5020416
File C:\Users\annie.conda\anaconda3\Lib\calendar.py first seen with mtime 1613730521.0
File C:\Users\Nikhil Darji\AppData\Roaming\Python\Python38\site-packages\sqlparse\filters\output.py first seen with mtime 1728793750.7721806
File C:\Users\Nikhil Darji\Documents\Nikhil Darji\flogin\accounts\apps.py first seen with mtime 1735278322.5959842
File C:\Users\annie.conda\anaconda3\Lib\site-packages\django\core\management\base.py first seen with mtime 1728794226.4171467
File C:\Users\annie.conda\anaconda3\Lib\email\header.py first seen with mtime 1613730521.0
File C:\Users\annie.conda\anaconda3\Lib\quopri.py first seen with mtime 1613730521.0
File C:\Users\annie.conda\anaconda3\Lib\site-packages\django\core\files\locks.py first seen with mtime 1728794226.3743565
File C:\Users\annie.conda\anaconda3\Lib\site-packages\django\template\context.py first seen with mtime 1728794226.7367096
File C:\Users\annie.conda\anaconda3\Lib\site-packages\django\db\models\functions\math.py first seen with mtime 1728794226.5788682
File C:\Users\annie.conda\anaconda3\Lib\site-packages\django\templatetags\cache.py first seen with mtime 1728794226.7680185
File C:\Users\annie.conda\anaconda3\Lib\gettext.py first seen with mtime 1613730521.0
File C:\Users\annie.conda\anaconda3\Lib\logging\__init__.py first seen with mtime 1613730521.0
File C:\Users\annie.conda\anaconda3\Lib\site-packages\django\http\response.py first seen with mtime 1728794226.7297063
File C:\Users\annie.conda\anaconda3\Lib\site-packages\django\urls\conf.py first seen with mtime 1728794226.79062
File C:\Users\annie.conda\anaconda3\Lib\site-packages\django\contrib\sites\shortcuts.py first seen with mtime 1728794226.059443
File C:\Users\annie.conda\anaconda3\Lib\linecache.py first seen with mtime 1613730521.0
File C:\Users\annie.conda\anaconda3\Lib\site-packages\django\contrib\staticfiles\handlers.py first seen with mtime 1728794226.324164
File C:\Users\annie.conda\anaconda3\Lib\site-packages\django\db\models\query.py first seen with mtime 1728794226.563241
File C:\Users\annie.conda\anaconda3\Lib\site-packages\django\utils\crypto.py first seen with mtime 1728794226.7989447
File C:\Users\annie.conda\anaconda3\Lib\site-packages\django\utils\timesince.py first seen with mtime 1728794226.845283
File C:\Users\annie.conda\anaconda3\Lib\site-packages\django\contrib\__init__.py first seen with mtime 1728794222.5115483
File C:\Users\annie.conda\anaconda3\Lib\site-packages\django\db\models\functions\text.py first seen with mtime 1728794226.594492
File C:\Users\annie.conda\anaconda3\Lib\datetime.py first seen with mtime 1613730521.0
File C:\Users\annie.conda\anaconda3\Lib\site-packages\django\contrib\sessions\models.py first seen with mtime 1728794225.8015404
File C:\Users\annie.conda\anaconda3\Lib\site-packages\django\contrib\sessions\__init__.py first seen with mtime 1728794225.8015404
File C:\Users\annie.conda\anaconda3\Lib\site-packages\django\contrib\admin\options.py first seen with mtime 1728794222.5215526
File C:\Users\annie.conda\anaconda3\Lib\site-packages\django\views\i18n.py first seen with mtime 1728794226.8619893
File C:\Users\annie.conda\anaconda3\Lib\site-packages\colorama\winterm.py first seen with mtime 1607707146.0
File C:\Users\annie.conda\anaconda3\DLLs\_asyncio.pyd first seen with mtime 1618344522.0
File C:\Users\annie.conda\anaconda3\Lib\codecs.py first seen with mtime 1613730521.0
File C:\Users\annie.conda\anaconda3\Lib\site-packages\django\contrib\sessions\base_session.py first seen with mtime 1728794225.8015404
File C:\Users\annie.conda\anaconda3\Lib\site-packages\django\views\decorators\cache.py first seen with mtime 1728794226.8619893
File C:\Users\annie.conda\anaconda3\Lib\site-packages\django\contrib\contenttypes\apps.py first seen with mtime 1728794223.8573916
File C:\Users\annie.conda\anaconda3\Lib\encodings\__init__.py first seen with mtime 1613730521.0
File C:\Users\annie.conda\anaconda3\Lib\site-packages\django\template\defaultfilters.py first seen with mtime 1728794226.7523377
File C:\Users\annie.conda\anaconda3\Lib\site-packages\django\core\cache\backends\base.py first seen with mtime 1728794226.3534002
File C:\Users\annie.conda\anaconda3\Lib\types.py first seen with mtime 1613730521.0
File C:\Users\annie.conda\anaconda3\Lib\site-packages\django\core\exceptions.py first seen with mtime 1728794226.340236
File C:\Users\Nikhil Darji\AppData\Roaming\Python\Python38\site-packages\backports\zoneinfo\__init__.py first seen with mtime 1728793751.4664092
File C:\Users\annie.conda\anaconda3\Lib\contextvars.py first seen with mtime 1613730521.0
File C:\Users\annie.conda\anaconda3\Lib\site-packages\PIL\_util.py first seen with mtime 1617386443.0
File C:\Users\annie.conda\anaconda3\Lib\email\parser.py first seen with mtime 1613730521.0
File C:\Users\Nikhil Darji\AppData\Roaming\Python\Python38\site-packages\sqlparse\engine\grouping.py first seen with mtime 1728793750.7721806
File C:\Users\annie.conda\anaconda3\Lib\site-packages\django\db\models\fields\mixins.py first seen with mtime 1728794226.5788682
File C:\Users\annie.conda\anaconda3\Lib\pprint.py first seen with mtime 1613730521.0
File C:\Users\annie.conda\anaconda3\Lib\site-packages\django\views\generic\__init__.py first seen with mtime 1728794226.8619893
File C:\Users\annie.conda\anaconda3\Lib\site-packages\django\core\files\images.py first seen with mtime 1728794226.3743565
File C:\Users\annie.conda\anaconda3\Lib\site-packages\django\views\__init__.py first seen with mtime 1728794226.846486
File C:\Users\annie.conda\anaconda3\Lib\operator.py first seen with mtime 1613730521.0
File C:\Users\annie.conda\anaconda3\Lib\site-packages\django\dispatch\__init__.py first seen with mtime 1728794226.6065114
File C:\Users\Nikhil Darji\AppData\Roaming\Python\Python38\site-packages\sqlparse\engine\filter_stack.py first seen with mtime 1728793750.7721806
File C:\Users\annie.conda\anaconda3\Lib\site-packages\django\contrib\auth\validators.py first seen with mtime 1728794223.5514462
File C:\Users\annie.conda\anaconda3\Lib\site-packages\PIL\ImageMode.py first seen with mtime 1617386442.0
File C:\Users\annie.conda\anaconda3\Lib\site-packages\django\contrib\auth\management\__init__.py first seen with mtime 1728794223.8353815
File C:\Users\annie.conda\anaconda3\Lib\site-packages\django\conf\__init__.py first seen with mtime 1728794222.1495469
File C:\Users\annie.conda\anaconda3\Lib\site-packages\django\db\migrations\operations\special.py first seen with mtime 1728794226.5552325
File C:\Users\Nikhil Darji\AppData\Roaming\Python\Python38\site-packages\_distutils_hack\__init__.py first seen with mtime 1731637456.8164601
File C:\Users\annie.conda\anaconda3\Lib\asyncio\events.py first seen with mtime 1613730521.0
File C:\Users\annie.conda\anaconda3\Lib\site-packages\django\template\response.py first seen with mtime 1728794226.7523377
File C:\Users\annie.conda\anaconda3\Lib\glob.py first seen with mtime 1613730521.0
File C:\Users\annie.conda\anaconda3\Lib\site-packages\django\middleware\cache.py first seen with mtime 1728794226.7367096
File C:\Users\annie.conda\anaconda3\Lib\re.py first seen with mtime 1613730521.0
File C:\Users\annie.conda\anaconda3\Lib\shutil.py first seen with mtime 1613730521.0
File C:\Users\annie.conda\anaconda3\Lib\tokenize.py first seen with mtime 1613730521.0
File C:\Users\annie.conda\anaconda3\Lib\reprlib.py first seen with mtime 1613730521.0
File C:\Users\annie.conda\anaconda3\Lib\site-packages\django\utils\dateparse.py first seen with mtime 1728794226.8145766
File C:\Users\annie.conda\anaconda3\Lib\http\client.py first seen with mtime 1613730521.0
File C:\Users\annie.conda\anaconda3\Lib\typing.py first seen with mtime 1613730521.0
File C:\Users\annie.conda\anaconda3\Lib\importlib\util.py first seen with mtime 1613730521.0
File C:\Users\annie.conda\anaconda3\Lib\site-packages\PIL\Image.py first seen with mtime 1617386442.0
File C:\Users\annie.conda\anaconda3\Lib\fnmatch.py first seen with mtime 1613730521.0
File C:\Users\annie.conda\anaconda3\Lib\site-packages\django\db\backends\signals.py first seen with mtime 1728794226.4677434
File C:\Users\annie.conda\anaconda3\Lib\contextlib.py first seen with mtime 1613730521.0
File C:\Users\annie.conda\anaconda3\Lib\site-packages\django\utils\datastructures.py first seen with mtime 1728794226.7989447
File C:\Users\annie.conda\anaconda3\Lib\site-packages\django\views\decorators\common.py first seen with mtime 1728794226.8619893
File C:\Users\annie.conda\anaconda3\Lib\opcode.py first seen with mtime 1613730521.0
File C:\Users\annie.conda\anaconda3\Lib\site.py first seen with mtime 1613730521.0
File C:\Users\annie.conda\anaconda3\Lib\site-packages\django\apps\config.py first seen with mtime 1728794222.1495469
File C:\Users\annie.conda\anaconda3\Lib\site-packages\django\utils\asyncio.py first seen with mtime 1728794226.7989447
File C:\Users\annie.conda\anaconda3\Lib\site-packages\django\http\multipartparser.py first seen with mtime 1728794226.7297063
File C:\Users\Nikhil Darji\Documents\Nikhil Darji\flogin\accounts\__init__.py first seen with mtime 1735278322.6043432
File C:\Users\annie.conda\anaconda3\Lib\site-packages\django\db\backends\sqlite3\base.py first seen with mtime 1728794226.5241013
File C:\Users\annie.conda\anaconda3\Lib\site-packages\django\templatetags\i18n.py first seen with mtime 1728794226.7680185
File C:\Users\annie.conda\anaconda3\Lib\site-packages\django\db\migrations\exceptions.py first seen with mtime 1728794226.5356054
File C:\Users\annie.conda\anaconda3\Lib\site-packages\django\template\loaders\__init__.py first seen with mtime 1728794226.7680185
File C:\Users\annie.conda\anaconda3\Lib\site-packages\django\views\generic\base.py first seen with mtime 1728794226.877618
File C:\Users\annie.conda\anaconda3\Lib\asyncio\base_events.py first seen with mtime 1613730521.0
File C:\Users\annie.conda\anaconda3\Lib\email\_parseaddr.py first seen with mtime 1613730521.0
File C:\Users\annie.conda\anaconda3\Lib\site-packages\django\utils\duration.py first seen with mtime 1728794226.8145766
File C:\Users\annie.conda\anaconda3\Lib\pathlib.py first seen with mtime 1613730521.0
File C:\Users\Nikhil Darji\AppData\Roaming\Python\Python38\site-packages\asgiref\current_thread_executor.py first seen with mtime 1728793751.6399126
File C:\Users\annie.conda\anaconda3\Lib\site-packages\django\core\signing.py first seen with mtime 1728794226.3467655
File C:\Users\annie.conda\anaconda3\Lib\site-packages\django\core\handlers\__init__.py first seen with mtime 1728794226.3878603
File C:\Users\annie.conda\anaconda3\Lib\site-packages\django\views\generic\edit.py first seen with mtime 1728794226.877618
File C:\Users\annie.conda\anaconda3\Lib\site-packages\django\db\models\fields\files.py first seen with mtime 1728794226.5788682
File C:\Users\annie.conda\anaconda3\Lib\xml\etree\ElementPath.py first seen with mtime 1613730521.0
File C:\Users\Nikhil Darji\AppData\Roaming\Python\Python38\site-packages\backports\zoneinfo\_tzpath.py first seen with mtime 1728793751.4857905
File C:\Users\annie.conda\anaconda3\Lib\email\quoprimime.py first seen with mtime 1613730521.0
File C:\Users\annie.conda\anaconda3\Lib\email\utils.py first seen with mtime 1613730521.0
File C:\Users\Nikhil Darji\AppData\Roaming\Python\Python38\site-packages\sqlparse\filters\right_margin.py first seen with mtime 1728793750.7721806
File C:\Users\Nikhil Darji\AppData\Roaming\Python\Python38\site-packages\sqlparse\cli.py first seen with mtime 1728793750.7662878
File C:\Users\annie.conda\anaconda3\Lib\site-packages\django\contrib\contenttypes\__init__.py first seen with mtime 1728794223.8568869
File C:\Users\annie.conda\anaconda3\Lib\site-packages\django\contrib\admin\models.py first seen with mtime 1728794222.5215526
File C:\Users\annie.conda\anaconda3\Lib\xml\etree\__init__.py first seen with mtime 1613730521.0
File C:\Users\annie.conda\anaconda3\Lib\site-packages\django\contrib\messages\storage\__init__.py first seen with mtime 1728794225.3236015
File C:\Users\annie.conda\anaconda3\Lib\site-packages\django\contrib\admin\views\autocomplete.py first seen with mtime 1728794223.207649
File C:\Users\annie.conda\anaconda3\Lib\site-packages\django\templatetags\__init__.py first seen with mtime 1728794226.7680185
File C:\Users\annie.conda\anaconda3\Lib\site-packages\django\core\checks\translation.py first seen with mtime 1728794226.3730288
File C:\Users\annie.conda\anaconda3\Lib\site-packages\django\core\checks\async_checks.py first seen with mtime 1728794226.3637545
File C:\Users\annie.conda\anaconda3\Lib\site-packages\django\core\paginator.py first seen with mtime 1728794226.340236
File C:\Users\annie.conda\anaconda3\Lib\site-packages\django\utils\lorem_ipsum.py first seen with mtime 1728794226.8328457
File C:\Users\annie.conda\anaconda3\Lib\site-packages\django\urls\__init__.py first seen with mtime 1728794226.79062
File C:\Users\annie.conda\anaconda3\Lib\base64.py first seen with mtime 1613730521.0
File C:\Users\annie.conda\anaconda3\Lib\site-packages\django\db\migrations\operations\fields.py first seen with mtime 1728794226.5534112
File C:\Users\annie.conda\anaconda3\Lib\site-packages\colorama\ansi.py first seen with mtime 1607707146.0
File C:\Users\annie.conda\anaconda3\Lib\concurrent\futures\__init__.py first seen with mtime 1613730521.0
File C:\Users\annie.conda\anaconda3\Lib\ctypes\wintypes.py first seen with mtime 1613730521.0
File C:\Users\annie.conda\anaconda3\Lib\site-packages\django\contrib\auth\models.py first seen with mtime 1728794223.5469418
File C:\Users\annie.conda\anaconda3\Lib\site-packages\django\core\handlers\base.py first seen with mtime 1728794226.3878603
File C:\Users\annie.conda\anaconda3\Lib\site-packages\django\contrib\auth\__init__.py first seen with mtime 1728794223.528278
File C:\Users\annie.conda\anaconda3\Lib\email\mime\multipart.py first seen with mtime 1613730521.0
File C:\Users\annie.conda\anaconda3\Lib\site-packages\django\contrib\admin\sites.py first seen with mtime 1728794222.5215526
File C:\Users\annie.conda\anaconda3\Lib\site-packages\django\core\checks\security\sessions.py first seen with mtime 1728794226.3743565
File C:\Users\annie.conda\anaconda3\Lib\socketserver.py first seen with mtime 1613730521.0
File C:\Users\annie.conda\anaconda3\Lib\site-packages\django\views\decorators\__init__.py first seen with mtime 1728794226.8619893
File C:\Users\annie.conda\anaconda3\Lib\email\iterators.py first seen with mtime 1613730521.0
File C:\Users\annie.conda\anaconda3\Lib\site-packages\django\utils\module_loading.py first seen with mtime 1728794226.8328457
File C:\Users\annie.conda\anaconda3\Lib\site-packages\django\core\files\uploadhandler.py first seen with mtime 1728794226.3878603
File C:\Users\annie.conda\anaconda3\Lib\site-packages\django\core\files\__init__.py first seen with mtime 1728794226.3743565
File C:\Users\annie.conda\anaconda3\Lib\site-packages\django\db\backends\sqlite3\_functions.py first seen with mtime 1728794226.5155978
File C:\Users\Nikhil Darji\Documents\Nikhil Darji\flogin\templates\register.html first seen with mtime 1735288999.6815925
File C:\Users\annie.conda\anaconda3\Lib\site-packages\PIL\_imaging.cp38-win_amd64.pyd first seen with mtime 1617386443.0
File C:\Users\annie.conda\anaconda3\Lib\stringprep.py first seen with mtime 1613730521.0
File C:\Users\annie.conda\anaconda3\Lib\site-packages\django\contrib\auth\migrations\0009_alter_user_last_name_max_length.py first seen with mtime 1728794223.8387253
File C:\Users\annie.conda\anaconda3\Lib\site-packages\django\db\migrations\recorder.py first seen with mtime 1728794226.5373342
File C:\Users\annie.conda\anaconda3\Lib\site-packages\django\contrib\auth\migrations\0002_alter_permission_name_max_length.py first seen with mtime 1728794223.8387253
File C:\Users\annie.conda\anaconda3\Lib\site-packages\django\db\migrations\graph.py first seen with mtime 1728794226.5373342
File C:\Users\annie.conda\anaconda3\Lib\encodings\idna.py first seen with mtime 1613730521.0
File C:\Users\annie.conda\anaconda3\Lib\site-packages\cffi\api.py first seen with mtime 1613247408.0
File C:\Users\annie.conda\anaconda3\Lib\site-packages\django\contrib\auth\migrations\0001_initial.py first seen with mtime 1728794223.8387253
File C:\Users\annie.conda\anaconda3\Lib\site-packages\django\db\migrations\executor.py first seen with mtime 1728794226.5373342
File C:\Users\annie.conda\anaconda3\Lib\site-packages\django\contrib\auth\migrations\__init__.py first seen with mtime 1728794223.8514707
File C:\Users\annie.conda\anaconda3\Lib\site-packages\django\contrib\sessions\backends\__init__.py first seen with mtime 1728794225.8015404
File C:\Users\annie.conda\anaconda3\Lib\site-packages\django\middleware\clickjacking.py first seen with mtime 1728794226.7367096
File C:\Users\annie.conda\anaconda3\Lib\site-packages\django\core\cache\backends\locmem.py first seen with mtime 1728794226.355906
File C:\Users\annie.conda\anaconda3\Lib\site-packages\django\contrib\auth\migrations\0012_alter_user_first_name_max_length.py first seen with mtime 1728794223.8514707
File C:\Users\annie.conda\anaconda3\Lib\site-packages\django\contrib\admin\migrations\0003_logentry_add_action_flag_choices.py first seen with mtime 1728794222.9282715
File C:\Users\annie.conda\anaconda3\Lib\site-packages\django\contrib\sessions\exceptions.py first seen with mtime 1728794225.8015404
File C:\Users\annie.conda\anaconda3\Lib\site-packages\cffi\lock.py first seen with mtime 1613247408.0
File C:\Users\annie.conda\anaconda3\Lib\site-packages\cffi\error.py first seen with mtime 1613247408.0
File C:\Users\annie.conda\anaconda3\Lib\site-packages\django\contrib\contenttypes\migrations\0002_remove_content_type_name.py first seen with mtime 1728794224.1476574
File C:\Users\annie.conda\anaconda3\Lib\site-packages\django\db\models\sql\compiler.py first seen with mtime 1728794226.594492
File C:\Users\annie.conda\anaconda3\Lib\site-packages\django\contrib\auth\migrations\0011_update_proxy_permissions.py first seen with mtime 1728794223.849967
File C:\Users\annie.conda\anaconda3\Lib\site-packages\django\contrib\sessions\middleware.py first seen with mtime 1728794225.8015404
File C:\Users\annie.conda\anaconda3\Lib\site-packages\django\contrib\sessions\migrations\0001_initial.py first seen with mtime 1728794226.0339887
File C:\Users\annie.conda\anaconda3\Lib\site-packages\django\contrib\auth\migrations\0003_alter_user_email_max_length.py first seen with mtime 1728794223.8387253
File C:\Users\annie.conda\anaconda3\Lib\site-packages\django\contrib\sessions\backends\base.py first seen with mtime 1728794225.8015404
File C:\Users\annie.conda\anaconda3\Lib\site-packages\django\middleware\common.py first seen with mtime 1728794226.7367096
File C:\Users\annie.conda\anaconda3\Lib\site-packages\django\contrib\sessions\migrations\__init__.py first seen with mtime 1728794226.0399945
File C:\Users\annie.conda\anaconda3\Lib\site-packages\django\db\migrations\loader.py first seen with mtime 1728794226.5373342
File C:\Users\annie.conda\anaconda3\Lib\site-packages\django\contrib\admin\migrations\__init__.py first seen with mtime 1728794222.9282715
File C:\Users\annie.conda\anaconda3\Lib\site-packages\django\contrib\auth\migrations\0005_alter_user_last_login_null.py first seen with mtime 1728794223.8387253
File C:\Users\annie.conda\anaconda3\Lib\site-packages\django\contrib\auth\backends.py first seen with mtime 1728794223.528278
File C:\Users\annie.conda\anaconda3\Lib\site-packages\django\contrib\auth\migrations\0007_alter_validators_add_error_messages.py first seen with mtime 1728794223.8387253
File C:\Users\annie.conda\anaconda3\Lib\site-packages\django\contrib\auth\middleware.py first seen with mtime 1728794223.5381274
File C:\Users\annie.conda\anaconda3\Lib\site-packages\django\contrib\contenttypes\migrations\__init__.py first seen with mtime 1728794224.148561
File C:\Users\annie.conda\anaconda3\Lib\site-packages\cffi\__init__.py first seen with mtime 1613247408.0
File C:\Users\annie.conda\anaconda3\Lib\site-packages\django\contrib\auth\migrations\0004_alter_user_username_opts.py first seen with mtime 1728794223.8387253
File C:\Users\annie.conda\anaconda3\Lib\site-packages\django\middleware\security.py first seen with mtime 1728794226.7367096
File C:\Users\annie.conda\anaconda3\Lib\site-packages\django\contrib\admin\migrations\0002_logentry_remove_auto_add.py first seen with mtime 1728794222.9275353
File C:\Users\annie.conda\anaconda3\Lib\site-packages\django\contrib\auth\migrations\0010_alter_group_name_max_length.py first seen with mtime 1728794223.8387253
File C:\Users\annie.conda\anaconda3\Lib\site-packages\django\contrib\auth\migrations\0006_require_contenttypes_0002.py first seen with mtime 1728794223.8387253
File C:\Users\annie.conda\anaconda3\Lib\site-packages\django\contrib\auth\migrations\0008_alter_user_username_max_length.py first seen with mtime 1728794223.8387253
File C:\Users\Nikhil Darji\Documents\Nikhil Darji\flogin\accounts\migrations\0001_initial.py first seen with mtime 1735280072.6255546
File C:\Users\annie.conda\anaconda3\Lib\site-packages\django\contrib\admin\migrations\0001_initial.py first seen with mtime 1728794222.9269073
File C:\Users\annie.conda\anaconda3\Lib\site-packages\cffi\model.py first seen with mtime 1613247408.0
File C:\Users\annie.conda\anaconda3\Lib\site-packages\django\contrib\messages\middleware.py first seen with mtime 1728794225.309028
File C:\Users\annie.conda\anaconda3\Lib\site-packages\django\contrib\sessions\backends\db.py first seen with mtime 1728794225.8116274
File C:\Users\annie.conda\anaconda3\Lib\site-packages\django\contrib\contenttypes\migrations\0001_initial.py first seen with mtime 1728794224.146907
File C:\Users\Nikhil Darji\Documents\Nikhil Darji\flogin\flogin\wsgi.py first seen with mtime 1735278085.7930596
File C:\Users\Nikhil Darji\Documents\Nikhil Darji\flogin\accounts\migrations\__init__.py first seen with mtime 1735278322.606639
File C:\Users\Nikhil Darji\Documents\Nikhil Darji\flogin\flogin\settings.py previous mtime: 1735289056.1918023, current mtime: 1735289070.8657534
C:\Users\Nikhil Darji\Documents\Nikhil Darji\flogin\flogin\settings.py notified as changed. Signal results: [(<function template_changed at 0x000002115043B550>, None), (<function translation_file_changed at 0x0000021150E3BE50>, None)].
C:\Users\Nikhil Darji\Documents\Nikhil Darji\flogin\flogin\settings.py changed, reloading.
